  Enemy.cpp
C:\DxLib_VC\プロジェクトに追加すべきファイル_VC用\DxLib.h(3344,1): warning C4819: ファイルは、現在のコード ページ (932) で表示できない文字を含んでいます。データの損失を防ぐために、ファイルを Unicode 形式で保存してください。
C:\Users\fko2347010\Desktop\引っ越し３\市丸慶樹\github\study\C++\Kadai2\game.h(1,1): warning C4828: オフセット 0x266 から始まる、現在のソースの文字セット (コードページ 932) では使用できない文字がファイルに含まれています。
  game.cpp
C:\DxLib_VC\プロジェクトに追加すべきファイル_VC用\DxLib.h(3344,1): warning C4819: ファイルは、現在のコード ページ (932) で表示できない文字を含んでいます。データの損失を防ぐために、ファイルを Unicode 形式で保存してください。
C:\Users\fko2347010\Desktop\引っ越し３\市丸慶樹\github\study\C++\Kadai2\game.h(1,1): warning C4828: オフセット 0x266 から始まる、現在のソースの文字セット (コードページ 932) では使用できない文字がファイルに含まれています。
  Haikei.cpp
C:\DxLib_VC\プロジェクトに追加すべきファイル_VC用\DxLib.h(3344,1): warning C4819: ファイルは、現在のコード ページ (932) で表示できない文字を含んでいます。データの損失を防ぐために、ファイルを Unicode 形式で保存してください。
C:\Users\fko2347010\Desktop\引っ越し３\市丸慶樹\github\study\C++\Kadai2\game.h(1,1): warning C4828: オフセット 0x266 から始まる、現在のソースの文字セット (コードページ 932) では使用できない文字がファイルに含まれています。
  key.cpp
C:\DxLib_VC\プロジェクトに追加すべきファイル_VC用\DxLib.h(3344,1): warning C4819: ファイルは、現在のコード ページ (932) で表示できない文字を含んでいます。データの損失を防ぐために、ファイルを Unicode 形式で保存してください。
C:\Users\fko2347010\Desktop\引っ越し３\市丸慶樹\github\study\C++\Kadai2\game.h(1,1): warning C4828: オフセット 0x266 から始まる、現在のソースの文字セット (コードページ 932) では使用できない文字がファイルに含まれています。
  mainn.cpp
C:\DxLib_VC\プロジェクトに追加すべきファイル_VC用\DxLib.h(3344,1): warning C4819: ファイルは、現在のコード ページ (932) で表示できない文字を含んでいます。データの損失を防ぐために、ファイルを Unicode 形式で保存してください。
C:\Users\fko2347010\Desktop\引っ越し３\市丸慶樹\github\study\C++\Kadai2\game.h(1,1): warning C4828: オフセット 0x266 から始まる、現在のソースの文字セット (コードページ 932) では使用できない文字がファイルに含まれています。
  Player.cpp
C:\DxLib_VC\プロジェクトに追加すべきファイル_VC用\DxLib.h(3344,1): warning C4819: ファイルは、現在のコード ページ (932) で表示できない文字を含んでいます。データの損失を防ぐために、ファイルを Unicode 形式で保存してください。
C:\Users\fko2347010\Desktop\引っ越し３\市丸慶樹\github\study\C++\Kadai2\game.h(1,1): warning C4828: オフセット 0x266 から始まる、現在のソースの文字セット (コードページ 932) では使用できない文字がファイルに含まれています。
  コードを生成中...
  Kadai2.vcxproj -> C:\Users\fko2347010\Desktop\引っ越し３\市丸慶樹\github\study\C++\Kadai2\Debug\Kadai2.exe
